<?xml version="1.0" encoding="UTF-8"?>
<!-- Generated by org.testng.reporters.JUnitReportReporter -->
<testsuite skipped="0" hostname="neiger-serrano" name="tests.StartUpPageTests" tests="1" failures="0" timestamp="10 May 2019 01:33:12 GMT" time="18.822" errors="0">
  <testcase name="ValidateStartUpPage" time="18.822" classname="tests.StartUpPageTests"/>
</testsuite> <!-- tests.StartUpPageTests -->
